20230506	17:07:32	4b9cb4a1-cec2-461d-adec-8942b90916f3	GET	/
20230506	17:07:32	31307a09-0f03-4c11-a5fe-3bdb9a9f0ae8	GET	/css/style.css
20230506	17:07:32	9a8aaef4-14f3-470e-b7a7-78133a6bd5f0	GET	/img/img.jpeg
20230506	17:09:06	487ab98a-8be8-482a-8657-93f861802c58	GET	undefined	/
20230506	17:09:06	c5e7c9ab-5a23-40de-a523-a445893cfeef	GET	undefined	/css/style.css
20230506	17:09:06	fe446d36-e991-4c98-ade0-11fa6f4b3677	GET	undefined	/img/img.jpeg
20230506	17:10:46	a8321c6f-5f43-40d2-ab19-1bea57a8b61d	GET	undefined	/
20230506	17:10:46	75ca57c1-2c1c-4c6c-8d9b-489953525947	GET	undefined	/css/style.css
20230506	17:10:46	a83336ba-f27e-4fc6-8700-415b069b5c19	GET	undefined	/img/img.jpeg
20230506	17:11:38	90f5cf78-d56d-4b26-8df9-5a7ac85efc97	OPTIONS	https://www.google.com	/
20230506	17:11:38	d9839477-e6d1-4de1-ae69-edc2f3d1b327	GET	https://www.google.com	/
20230506	17:13:34	560ba0d2-21c1-4d91-8662-382f2a31c8c6	OPTIONS	https://www.google.com	/
20230506	17:13:34	2c914058-97b7-4a8d-b8f3-2cd9b7129884	GET	https://www.google.com	/
20230506	17:18:25	cfb94d86-ebed-40fe-8290-a871e6287531	OPTIONS	https://www.google.com	/
20230506	17:18:25	2b63cdaf-7a29-49eb-a29c-dbf51aef8b8a	GET	https://www.google.com	/
20230506	17:18:41	873b2683-d3d5-4fb0-b85c-907aaad8cb24	GET	undefined	/
20230506	17:19:21	7f28e43f-dd6e-42aa-8c03-5a71f5bfcf12	OPTIONS	https://www.google.com	/
20230506	17:19:21	29aac0e9-8249-4023-839a-9cd53db086b0	GET	https://www.google.com	/
20230506	17:19:24	d40f734d-1a69-4d68-a5b5-8d7cba3e3c6d	GET	undefined	/
20230506	17:19:30	ac046b10-599f-4a2c-a9bc-e3bb759069e8	GET	undefined	/
20230506	17:19:53	753fc838-ef34-4e92-9517-c1c7f14fcac3	GET	undefined	/
20230506	17:20:33	f4e29e6d-e67e-4640-b52e-5bb1660a3f86	OPTIONS	https://www.google.com	/
20230506	17:20:33	4ce2dbfc-4aac-4270-a7d9-4268b183723c	GET	https://www.google.com	/
20230506	17:20:44	eb4e14cf-8eb3-42a7-b0d7-e37eda047019	GET	undefined	/
20230506	17:21:08	f7386faf-4e3f-43e9-b6fb-8723f9eb70aa	GET	undefined	/
20230506	17:21:08	41f2ad74-f009-4bdc-8f8a-598e8ca34851	GET	undefined	/css/style.css
20230506	17:21:08	91e4d25a-cc56-4f61-8c17-99a32f728530	GET	undefined	/img/img.jpeg
20230506	17:23:02	4e9cab06-1dd8-40c0-967e-b20a920df9d4	OPTIONS	https://www.google.com	/
20230506	17:23:02	0e5b3111-df4e-4c85-b5de-fc0bb237b19f	GET	https://www.google.com	/
20230506	17:23:15	e499ffb2-c798-42ac-9582-e9631770464f	GET	undefined	/
20230506	17:23:15	c04d5e1a-7c05-4f72-aa22-d20489ce20e0	GET	undefined	/css/style.css
20230506	17:23:15	b2b43594-8654-48e7-9746-c3e58dbb43c5	GET	undefined	/img/img.jpeg
20230506	17:23:29	0032d894-2de7-4a10-804c-755193bd8585	GET	undefined	/
20230506	17:24:49	e7a80a50-25ec-4881-b078-7aca1c6f1019	GET	undefined	/
20230506	17:24:49	9eed1e7f-284e-4f05-bb66-913b763e2fc7	GET	undefined	/css/style.css
20230506	17:24:49	e0444be9-28ff-4a2c-a6f3-ee39a7b72be0	GET	undefined	/img/img.jpeg
20230506	17:27:03	094bd5d7-c40d-459a-8f78-077ba723aca2	OPTIONS	https://www.google.com	/
20230506	17:27:03	32bf4769-0b85-4a90-9166-6a26ca6cb169	GET	https://www.google.com	/
20230506	17:27:06	fbff993f-0109-43cf-b344-92ef5e168993	GET	undefined	/
20230506	17:27:06	93d4341b-7474-484c-b065-ae951fc0af96	GET	undefined	/css/style.css
20230506	17:27:06	9e37f6f1-c8dd-4bbc-aaf6-1928a25800a6	GET	undefined	/img/img.jpeg
20230506	17:31:30	70a61cdc-049c-4cae-9a4d-f60d7ce2eead	OPTIONS	https://www.google.com	/
20230506	17:31:30	2b4073fa-0755-433b-9061-890981d5f0fb	GET	https://www.google.com	/
20230506	17:40:43	d055942d-f66c-44e0-a1e6-50aa9c92763c	GET	undefined	/
20230506	17:40:43	62475bfd-d117-40fd-bede-2c1d3bb1bd5b	GET	undefined	/css/style.css
20230506	17:40:43	26581a5f-c512-49c0-8b55-fd265b145ca8	GET	undefined	/img/img.jpeg
20230506	17:41:27	28324e08-0e18-4bb1-8144-15909f37dd6c	GET	undefined	/jhg
20230506	17:41:27	28ee0c3e-16a8-4537-b0e7-c81ff30dfeb3	GET	undefined	/css/style.css
20230506	17:42:27	c3a1ff42-d589-4750-815d-7ba83e14c0a0	GET	undefined	/jhg
20230506	17:42:27	a2fcd249-12c2-4014-8bd1-e3ea6cf6f7d3	GET	undefined	/css/style.css
20230506	19:32:04	0ba6cff2-e90c-4caf-9c5b-9f4309c27e4f	GET	undefined	/
20230506	19:32:13	b753c622-b032-4a58-87f3-8dc22e0c84bc	GET	undefined	/employees
20230506	19:32:45	4fd13dec-17a1-4f43-a854-571bc3cf8b63	GET	undefined	/employees
20230506	19:33:48	c8c88de0-6542-48de-929a-f3128b8d3c98	POST	undefined	/employees
20230506	19:34:16	33fa6421-cb71-404f-8e32-b78098a9cab6	PUT	undefined	/employees
20230506	19:34:36	523ec699-35d1-4b78-8e7e-74b31aba863a	PUT	undefined	/employees
20230506	19:34:47	7e806607-8146-49d7-8d66-24dba730dbcf	DELETE	undefined	/employees
20230506	19:34:58	ee8a2701-277b-4e18-a699-2fb5dcb20b62	GET	undefined	/employees/1
20230506	21:37:15	d83a6415-4967-473b-aa35-68adb2d5c60c	POST	undefined	/employees
20230506	21:37:30	5473fbea-35bd-4b74-b464-1817f971a8dd	POST	undefined	/employees
20230506	21:37:50	873c1dfb-0e07-4889-be0f-5ca0e50eef88	POST	undefined	/employees
20230506	21:38:34	3388773d-b0dd-4093-876c-4837c4c2cc97	POST	undefined	/employees
20230506	21:38:36	6ece8b96-1255-441b-a604-35d70e1b7d40	POST	undefined	/employees
20230506	21:39:16	345eeda4-cc39-42b2-977b-9c0f33b1ac52	POST	undefined	/employees
20230506	21:39:26	33dcee7a-8e62-4d4b-9e11-fe0e641cd115	POST	undefined	/employees
20230506	21:40:06	47e215f8-c63e-46d4-8183-97e34085b294	POST	undefined	/employees
20230506	21:40:53	794bacff-91e3-41c8-8a8e-449f128dd416	POST	undefined	/employees
20230506	21:41:03	216de97c-d7b1-449e-ae75-4ef3fdf905ce	POST	undefined	/employees
20230506	21:41:08	073333c6-d5cf-44ec-84ed-de06a98e0f52	GET	undefined	/employees
20230506	21:41:18	ba1f2320-fae8-4263-822d-fc02322526db	POST	undefined	/employees
20230506	21:49:28	6b862dde-a385-4e78-897f-3cff3b93a95d	GET	undefined	/employees
20230506	21:49:37	ab3896ec-afd6-488b-afcd-cc510a447ba7	POST	undefined	/employees
20230506	21:49:42	fbd11b48-a969-432f-85ee-c0a0604bce13	GET	undefined	/employees
20230506	21:49:49	3f28fb46-cc90-420d-ab42-b043f725c2b6	POST	undefined	/employees
20230506	21:49:56	a4b8dbd2-d914-4c80-bc69-ed7cb341dd3c	POST	undefined	/employees
20230506	21:50:27	dfd976ba-84cc-4fa1-a7c8-1dbae1e44828	PUT	undefined	/employees
20230506	21:50:32	e65a88d7-5ae1-42bc-b27a-0798f14d53e9	GET	undefined	/employees
20230506	21:50:46	bbb4ee7e-7906-42b3-96e2-08863c7a57a7	PUT	undefined	/employees
20230506	21:50:53	e6ea712a-a846-41ab-9375-7e48964951a9	PUT	undefined	/employees
20230506	21:52:59	9ab80ea2-3d35-47e3-99d0-69104e68e1c6	GET	undefined	/employees
20230506	21:53:03	ab057b4e-1109-483c-b77c-0fcc84b5a367	POST	undefined	/employees
20230506	21:53:17	344380a1-900e-4c22-9b00-a6b3a2889964	PUT	undefined	/employees
20230506	21:53:25	51fbfbe7-3228-4f63-b1bd-1c1656c85f5a	POST	undefined	/employees
20230506	21:53:31	455d9764-f0c9-4178-a7c5-38296a8d9057	PUT	undefined	/employees
20230506	21:54:03	63058bdd-2b3a-400f-8687-a67a04fdb6a2	PUT	undefined	/employees
20230506	21:54:07	3a069478-1b3e-4ba2-837d-e18cb5f47855	GET	undefined	/employees
20230506	21:54:18	643f6163-bf5d-4f4f-926c-92f0e28e0730	POST	undefined	/employees
20230506	21:54:24	a5bacac3-2ca3-4e6e-abe0-67dc47c96870	POST	undefined	/employees
20230506	21:54:32	016197b1-4172-40e2-8d85-840cad7c2e1f	PUT	undefined	/employees
20230506	21:54:39	ae7d5f20-6e79-4182-afad-7818107e0129	GET	undefined	/employees
20230506	21:54:52	cedf62dd-508f-4531-af85-04b4a9df9d7e	PUT	undefined	/employees
20230506	21:55:07	121937ed-6119-4427-9fb5-19ba39b4c6a8	DELETE	undefined	/employees
20230506	21:55:15	a432f164-d87e-40d4-aa77-85eee219d74f	DELETE	undefined	/employees
20230506	21:56:23	038e2943-db51-4282-af40-6a9e54dbca40	GET	undefined	/employees
20230506	21:56:40	3408b8c8-e456-44ff-9574-c9708c2148ef	POST	undefined	/employees
20230506	21:56:50	c75f16e3-1391-4793-b8b6-2d3e44a87d85	PUT	undefined	/employees
20230506	21:57:00	e624fb93-3e4d-4054-9620-05f1fa1ad4d6	DELETE	undefined	/employees
20230506	21:57:06	65c1f32b-63d8-4687-9359-7dc3d7cc7b69	GET	undefined	/employees
20230506	21:58:48	38bdf508-2be5-477e-acff-4617bd22ee6a	GET	undefined	/employees
20230506	21:59:06	a10683ea-805e-4811-ba74-394a52cfbae0	POST	undefined	/employees
20230506	21:59:19	690d9704-f8ba-40c2-8af4-6aa623d104ab	GET	undefined	/employees/6634e472-007e-49e9-bd89-ffc9e8f33dad
20230507	17:33:03	de181c90-8569-415c-ac07-ba23bf535d2f	POST	undefined	/register
20230507	17:33:08	6361f7a8-f592-43eb-9c0d-ab1aa947fa17	POST	undefined	/register
20230507	17:34:38	e4e9fffa-06b9-443a-8e39-9e508e99a1e6	POST	undefined	/register
20230507	17:42:43	9bee9394-b258-48df-a1c6-6e7289b7f92b	POST	undefined	/login
20230507	17:42:52	8d690c8e-e6d6-4417-bf6d-621c379f2d9f	POST	undefined	/login
20230507	17:42:59	a26e9a4b-7e5f-4317-9437-31b4c95c25aa	POST	undefined	/login
20230507	17:43:21	92192de6-6f49-41bf-8750-f71becdeeb56	POST	undefined	/register
20230507	17:44:54	572bd90e-ab0e-43b3-98ce-a1a56617916c	POST	undefined	/register
20230507	17:45:10	5efd314f-719d-45e5-9dda-28e870b07396	POST	undefined	/login
20230507	17:46:34	28d425e6-a76a-4925-9f52-ff0c4703c200	POST	undefined	/login
20230507	17:46:40	68cb65dc-9787-4477-9865-a3da58a8a808	POST	undefined	/login
20230507	17:46:41	2c915c28-c8f6-43e7-8665-a05d5f2ef6b3	POST	undefined	/login
20230507	17:46:55	38332975-376b-401e-b3e6-768cf08d913f	POST	undefined	/login
20230507	17:47:50	5d7bf97b-139a-48e0-9905-b83630b2e8f8	POST	undefined	/login
20230507	17:47:54	88ba3e66-1084-40e4-8f5b-349c10397a18	POST	undefined	/login
20230507	17:47:59	3b93f549-6b3a-470b-8764-8da62d558594	POST	undefined	/login
20230507	20:46:40	b7ac5c42-8dc4-42be-b960-d5043a0fe9b0	GET	undefined	/auth
20230507	20:46:55	888bd27e-c7d5-48c1-b668-3da6a9747077	POST	undefined	/auth
20230507	20:47:33	01864dc7-ae3c-45e7-bf3f-f32da4a6035c	POST	undefined	/login
20230507	20:48:01	f6b63748-a670-42ce-ae37-8afdc0821430	POST	undefined	/login
20230507	20:48:23	67e674d5-930a-475b-acad-58991db6ff2a	GET	undefined	/employees
20230507	20:48:30	381bc2b6-1e56-4748-93b3-37689517bbfc	GET	undefined	/employees
20230507	20:48:36	a4b66b4f-6635-474b-a189-6fd81d11124d	GET	undefined	/employees
20230507	20:50:34	61d1df3f-b950-42d5-ac81-b8cb7c51e4e2	POST	undefined	/login
20230507	20:50:49	f8c6e629-8fb5-418f-940c-6b5961be2cfe	GET	undefined	/employees
20230507	20:50:53	bcb96935-88ba-4c64-8af4-08d87660def5	GET	undefined	/employees
20230507	20:51:01	ae29d1bb-c339-4f80-a8dc-9749ebca0d28	GET	undefined	/employees
20230507	20:51:02	5a16755d-8c30-4ce9-bcfb-89e0bb54af4b	GET	undefined	/employees
20230507	20:51:02	29d9bbc8-8bf0-46b5-a082-1c8a783f67d8	GET	undefined	/employees
20230507	20:51:03	a8b5a096-09fe-402d-ba1b-e51e4542e999	GET	undefined	/employees
20230507	20:51:05	f5611039-897d-47c7-a679-5b8a90c63f02	GET	undefined	/employees
20230507	20:52:28	664081ca-d342-47b5-9ff6-f75833e558e2	POST	undefined	/login
20230507	20:52:46	4a174842-e6a7-4452-af32-dca05c157bb9	GET	undefined	/employees
20230507	20:52:49	79398f1b-dc40-44d1-94d5-d288385bf794	GET	undefined	/employees
20230507	20:52:50	d80aa707-5359-40f9-abdd-eb99f99141f3	GET	undefined	/employees
20230507	20:52:51	fd61cff3-facb-40be-be22-47a624292ee2	GET	undefined	/employees
20230507	20:52:52	7ae0ca8f-17ca-49ee-8f42-04553d29876a	GET	undefined	/employees
20230507	20:52:52	35368332-41d9-416e-8936-f622b8429f10	GET	undefined	/employees
20230507	20:52:53	14e1765f-1f8c-426f-8c94-8388cd0703d8	GET	undefined	/employees
20230507	20:52:53	3a7e2389-894f-4773-b67a-b35fe6b85259	GET	undefined	/employees
20230507	20:52:54	946c8b5f-f7d0-4008-843e-7c61cafc2ebf	GET	undefined	/employees
20230507	20:52:54	fcebcc83-6e27-4db2-84d3-5dfa2d392fd2	GET	undefined	/employees
20230507	20:52:54	e84d5465-5eff-4db6-ae81-e5f816c7fb9c	GET	undefined	/employees
20230507	20:52:55	c3bdffd2-d679-4c76-9205-05bad243f600	GET	undefined	/employees
20230507	20:52:55	346a4358-3774-482b-a3ff-a8484dcf0b9a	GET	undefined	/employees
20230507	20:52:56	8febc26e-4908-43c1-b1fd-1114abecddbf	GET	undefined	/employees
20230507	20:52:56	446d2146-481c-4566-af1d-4c6f535a3b54	GET	undefined	/employees
20230507	20:52:58	cff5df0b-20b4-4fc9-98a5-5b2c08607dc3	GET	undefined	/employees
20230507	20:52:59	80ef27ba-0c8e-4086-a9ac-04b133c63970	GET	undefined	/employees
20230507	20:52:59	2f3b5a43-1796-44e8-bbd8-6a175945ff5d	GET	undefined	/employees
